params: N=10000, W=16
sieving d(n) for n=1..10000
  done in 0.01s; max d(n) = 64 (fits in 7 bits)
packing R_d numerator
  num has 159985 bits; den has 160001 bits (0.03s)
running continued fraction expansion
    step 5000: log2(q) = 8637.5, elapsed 0.2s
    step 10000: log2(q) = 17208.3, elapsed 0.5s
    step 15000: log2(q) = 25775.9, elapsed 0.7s
    step 20000: log2(q) = 34399.8, elapsed 0.9s
    step 25000: log2(q) = 43235.2, elapsed 1.1s
    step 30000: log2(q) = 51683.1, elapsed 1.3s
    step 35000: log2(q) = 60406.7, elapsed 1.5s
    step 40000: log2(q) = 68885.6, elapsed 1.7s
  extracted 40000 CF steps in 1.68s
  1784 steps with log2(a+1) > 5
  wrote cf_spikes_w16_N10000.csv
  wrote cf_spikes_w16_N10000.png
  wrote cf_spikes_w16_N10000_summary.txt

# Top 25 spikes (w=16, N=10000)
      i   log2(a+1)     log2(q)   nearest SHCN   |Δ bits|
      7      19.170       49.59              6       1.59
     31      19.170      145.59             24      46.41
  24918      16.267    43101.19           5040    2781.19
      1      16.000        0.00              -        nan
  23574      15.748    40739.68           5040     419.68
  26893      15.205    46513.93           5040    6193.93
   4131      15.009     7108.22            840     388.22
      2      15.000       15.00              2       1.00
   8077      14.956    13926.82           1680     486.82
  34268      14.951    59119.29           7560    1360.71
  26511      14.886    45815.67           5040    5495.67
  10351      14.523    17812.01           2520    2347.99
  11861      14.324    20369.53           2520     209.53
  22522      14.319    38882.76           5040    1437.24
  34840      13.844    60126.82           7560     353.18
     56      13.793      207.08             24      15.08
      6      13.415       30.42              4       1.58
   6304      12.880    10884.93           1260     804.93
  20180      12.863    34732.49           5040    5587.51
  22590      12.836    38992.77           5040    1327.23
     28      12.830      124.83             12      28.83
  18050      12.653    31013.76           5040    9306.24
  25594      12.296    44242.43           5040    3922.43
  24441      12.231    42279.22           5040    1959.22
  31326      12.090    54077.81           7560    6402.19

# SHCN-mapped CF indices (m, i, log2 q_i)
  m=     1  i=     2  log2 q=   15.00  log2(a+1) at i =  15.00  max in ±5 =  19.17
  m=     2  i=     4  log2 q=   16.58  log2(a+1) at i =   1.58  max in ±5 =  19.17
  m=     4  i=     7  log2 q=   49.59  log2(a+1) at i =  19.17  max in ±5 =  19.17
  m=     6  i=     7  log2 q=   49.59  log2(a+1) at i =  19.17  max in ±5 =  19.17
  m=    12  i=    22  log2 q=   97.61  log2(a+1) at i =   2.32  max in ±5 =  10.41
  m=    24  i=    55  log2 q=  193.29  log2(a+1) at i =   1.58  max in ±5 =  13.79
  m=    36  i=   101  log2 q=  291.91  log2(a+1) at i =   4.09  max in ±5 =   6.54
  m=    48  i=   147  log2 q=  387.59  log2(a+1) at i =   4.95  max in ±5 =   8.32
  m=    60  i=   203  log2 q=  480.12  log2(a+1) at i =   3.17  max in ±5 =   4.09
  m=   120  i=   486  log2 q=  961.96  log2(a+1) at i =   3.17  max in ±5 =   4.86
  m=   180  i=   762  log2 q= 1442.03  log2(a+1) at i =   2.32  max in ±5 =   6.87
  m=   240  i=  1037  log2 q= 1921.54  log2(a+1) at i =   2.58  max in ±5 =   5.36
  m=   360  i=  1590  log2 q= 2880.23  log2(a+1) at i =   3.58  max in ±5 =   4.75
  m=   720  i=  3314  log2 q= 5761.52  log2(a+1) at i =   2.32  max in ±5 =   3.46
  m=   840  i=  3902  log2 q= 6720.85  log2(a+1) at i =   4.86  max in ±5 =   4.86
  m=  1260  i=  5825  log2 q=10080.48  log2(a+1) at i =   2.00  max in ±5 =   7.64
  m=  1680  i=  7813  log2 q=13441.01  log2(a+1) at i =   2.00  max in ±5 =   4.95
  m=  2520  i= 11734  log2 q=20160.11  log2(a+1) at i =   1.00  max in ±5 =   2.58
  m=  5040  i= 23344  log2 q=40321.56  log2(a+1) at i =   5.78  max in ±5 =   5.78
  m=  7560  i= 35045  log2 q=60480.15  log2(a+1) at i =   1.00  max in ±5 =   8.11
