B3 — Excursion-resolved mode coupling
  N = 10_000_000, steps = 600, E_R = 3, E_THRESH = 20
  modes = [1, 2, 3, 4, 5]
  init: 0.01s, state ~0.13 GB
  step   50/600  excursions so far = 89_394  pending = 73_136  (3.6 steps/s, ETA 152s)
  step  100/600  excursions so far = 1_281_499  pending = 549_959  (3.6 steps/s, ETA 137s)
  step  150/600  excursions so far = 3_817_683  pending = 1_153_079  (3.6 steps/s, ETA 123s)
  step  200/600  excursions so far = 7_193_394  pending = 1_714_432  (3.6 steps/s, ETA 111s)
  step  250/600  excursions so far = 11_025_697  pending = 2_205_985  (3.6 steps/s, ETA 97s)
  step  300/600  excursions so far = 15_105_003  pending = 2_628_887  (3.6 steps/s, ETA 84s)
  step  350/600  excursions so far = 19_300_796  pending = 2_994_033  (3.6 steps/s, ETA 70s)
  step  400/600  excursions so far = 23_543_867  pending = 3_314_015  (3.6 steps/s, ETA 56s)
  step  450/600  excursions so far = 27_792_597  pending = 3_596_689  (3.6 steps/s, ETA 42s)
  step  500/600  excursions so far = 32_016_988  pending = 3_847_691  (3.6 steps/s, ETA 28s)
  step  550/600  excursions so far = 36_201_502  pending = 4_071_623  (3.6 steps/s, ETA 14s)
  step  600/600  excursions so far = 40_336_185  pending = 4_270_923  (3.5 steps/s, ETA 0s)

Total B3 time: 169.4s = 2.82 min
Total completed excursions: 40_336_185
Mean excursions per walker: 4.034

|K̂| matrix (modes 1..5):
       s=1         s=2         s=3         s=4         s=5
  r=1: 9.8927e-01   8.5166e-01   4.9955e-01   1.0656e-01   1.5698e-01
  r=2: 8.5033e-01   9.9420e-01   8.5093e-01   4.9926e-01   1.0717e-01
  r=3: 4.9881e-01   8.5205e-01   9.9350e-01   8.5285e-01   4.9780e-01
  r=4: 1.0900e-01   4.9993e-01   8.5190e-01   9.9171e-01   8.5043e-01
  r=5: 1.5501e-01   1.0597e-01   4.9724e-01   8.5088e-01   9.9374e-01

ρ(K̂) = max |eigenvalue| = 0.9243
|eigenvalues|: [0.9242740685332245, 0.5155958879089481, 0.20783388385655166, 0.029420323884728487, 0.0015679092382720962]
  r=1: |K_rr|=9.8927e-01, sum off-diag |K_rs|=1.6147e+00, ratio off/diag = 1.632
  r=2: |K_rr|=9.9420e-01, sum off-diag |K_rs|=2.3077e+00, ratio off/diag = 2.321
  r=3: |K_rr|=9.9350e-01, sum off-diag |K_rs|=2.7015e+00, ratio off/diag = 2.719
  r=4: |K_rr|=9.9171e-01, sum off-diag |K_rs|=2.3113e+00, ratio off/diag = 2.331
  r=5: |K_rr|=9.9374e-01, sum off-diag |K_rs|=1.6091e+00, ratio off/diag = 1.619

Analytic γ_r = (1/2)(1 + cos(2π r log₁₀2))  (per-step outside R):
  r=1: γ_r = 0.3424
  r=2: γ_r = 0.0993
  r=3: γ_r = 0.9101
  r=4: γ_r = 0.6421
  r=5: γ_r = 0.0003

Mean excursion length = 16.496 steps
Mean time-in-R per return cycle ≈ 1 (entering R is one step)

-> /Users/achyland/Desktop/Math/BIDDER/experiments/math/benford/paper/sim/b3_results.npz
