
=== pure_multiplicative: N = 1_000_000, n_max = 2000 ===
  n=      1  L₁=1.9960e+00  (26.0 s/s, ETA 77s)
  n=     34  L₁=1.9603e+00  (26.5 s/s, ETA 74s)
  n=     67  L₁=1.9458e+00  (27.7 s/s, ETA 70s)
  n=    100  L₁=1.9349e+00  (27.8 s/s, ETA 68s)
  n=    265  L₁=1.8989e+00  (37.8 s/s, ETA 46s)
  n=    430  L₁=1.8742e+00  (39.2 s/s, ETA 40s)
  n=    595  L₁=1.8547e+00  (41.8 s/s, ETA 34s)
  n=    760  L₁=1.8380e+00  (43.2 s/s, ETA 29s)
  n=    925  L₁=1.8232e+00  (44.4 s/s, ETA 24s)
  n=   1350  L₁=1.7917e+00  (47.3 s/s, ETA 14s)
  wall: 41.4s
  -> /Users/achyland/Desktop/Math/BIDDER/experiments/math/benford/paper/sim/comparison_walks_results/pure_mul_results.npz

=== pure_additive: N = 1_000_000, n_max = 10000 ===
  n=      1  L₁=1.9960e+00  (11.5 s/s, ETA 873s)
  n=     47  L₁=1.9539e+00  (13.4 s/s, ETA 746s)
  n=     93  L₁=1.9369e+00  (13.7 s/s, ETA 723s)
  n=    295  L₁=1.8940e+00  (15.8 s/s, ETA 615s)
  n=    525  L₁=1.8629e+00  (17.0 s/s, ETA 558s)
  n=    755  L₁=1.8386e+00  (17.3 s/s, ETA 534s)
  n=    985  L₁=1.8188e+00  (17.8 s/s, ETA 507s)
  n=   3110  L₁=1.7036e+00  (19.3 s/s, ETA 356s)
  n=   5410  L₁=1.6247e+00  (19.7 s/s, ETA 234s)
  n=   7710  L₁=1.5651e+00  (19.9 s/s, ETA 115s)
  wall: 499.2s
  -> /Users/achyland/Desktop/Math/BIDDER/experiments/math/benford/paper/sim/comparison_walks_results/pure_add_results.npz

=== Comparison walks complete ===
