FP32-SIM: precision-robustness runs
  N = 10_000_000, n_max = 600, B = 1000
  modes = [1, 2, 3, 4, 5], E_THRESH = 20
  sample count = 280
  LOG10_2 (fp32) = np.float32(0.30103)
  LOG10_SQRT2 (fp32) = np.float32(0.150515)

########## Run 1 — M3 IC (b) at fp32 ##########

=== Run1 IC (b) fp32: m=log₁₀√2, E~U{-5..5}: N = 10_000_000, n = 600 ===
  m dtype: float32
  n=   1  L₁=1.9700e+00  |ĥ(1)|=2.3700e-01  zh=0  (0.52 s/s)
  n=  61  L₁=4.5174e-01  |ĥ(1)|=3.6404e-03  zh=1_285  (0.53 s/s)
  n= 121  L₁=3.0363e-01  |ĥ(1)|=2.9169e-03  zh=2_076  (0.52 s/s)
  n= 181  L₁=2.5020e-01  |ĥ(1)|=2.2455e-03  zh=2_323  (0.52 s/s)
  n= 405  L₁=1.6365e-01  |ĥ(1)|=1.6406e-03  zh=2_469  (0.79 s/s)
  n= 600  L₁=1.2923e-01  |ĥ(1)|=1.2102e-03  zh=2_483  (0.94 s/s)
  wall time: 637.5s = 10.62 min, total zero-hits = 2_483
  -> /Users/achyland/Desktop/Math/BIDDER/experiments/math/benford/paper/sim/fp32_results/ic_b_fp32_results.npz

########## Run 2 — Dyadic-ladder at fp32 ##########

=== Run2 D1 fp32: x=1.0: N = 10_000_000, n = 600 ===
  m dtype: float32
  n=   1  L₁=1.9940e+00  |ĥ(1)|=2.3790e-01  zh=2_500_646  (0.73 s/s)
  n=  61  L₁=6.1307e-01  |ĥ(1)|=5.2641e-03  zh=7_563_105  (0.51 s/s)
  n= 121  L₁=1.8425e-01  |ĥ(1)|=3.3476e-03  zh=7_613_670  (0.51 s/s)
  n= 181  L₁=6.5867e-02  |ĥ(1)|=3.2896e-03  zh=7_619_904  (0.51 s/s)
  n= 405  L₁=9.0840e-03  |ĥ(1)|=1.9429e-03  zh=7_621_926  (0.76 s/s)
  n= 600  L₁=8.0468e-03  |ĥ(1)|=1.5310e-03  zh=7_621_964  (0.91 s/s)
  wall time: 660.2s = 11.00 min, total zero-hits = 7_621_964
  -> /Users/achyland/Desktop/Math/BIDDER/experiments/math/benford/paper/sim/fp32_results/dyadic_ladder/D1_fp32_results.npz

=== Run2 D2 fp32: x=1.5: N = 10_000_000, n = 600 ===
  m dtype: float32
  n=   1  L₁=1.9920e+00  |ĥ(1)|=4.1792e-01  zh=0  (0.56 s/s)
  n=  61  L₁=5.5866e-01  |ĥ(1)|=5.0688e-03  zh=1_741_450  (0.51 s/s)
  n= 121  L₁=1.7024e-01  |ĥ(1)|=3.7970e-03  zh=1_783_385  (0.51 s/s)
  n= 181  L₁=6.1663e-02  |ĥ(1)|=3.0860e-03  zh=1_788_808  (0.51 s/s)
  n= 405  L₁=9.3582e-03  |ĥ(1)|=2.1054e-03  zh=1_790_471  (0.77 s/s)
  n= 600  L₁=8.3458e-03  |ĥ(1)|=1.0919e-03  zh=1_790_520  (0.92 s/s)
  wall time: 650.6s = 10.84 min, total zero-hits = 1_790_520
  -> /Users/achyland/Desktop/Math/BIDDER/experiments/math/benford/paper/sim/fp32_results/dyadic_ladder/D2_fp32_results.npz

=== Run2 D3 fp32: x=1.125: N = 10_000_000, n = 600 ===
  m dtype: float32
  n=   1  L₁=1.9920e+00  |ĥ(1)|=3.2021e-01  zh=0  (0.60 s/s)
  n=  61  L₁=4.0672e-01  |ĥ(1)|=5.3480e-03  zh=221_108  (0.50 s/s)
  n= 121  L₁=1.3044e-01  |ĥ(1)|=3.4090e-03  zh=243_478  (0.51 s/s)
  n= 181  L₁=4.9472e-02  |ĥ(1)|=2.9738e-03  zh=247_172  (0.51 s/s)
  n= 405  L₁=8.7318e-03  |ĥ(1)|=1.9481e-03  zh=248_443  (0.69 s/s)
  n= 600  L₁=8.5490e-03  |ĥ(1)|=1.7750e-03  zh=248_478  (0.80 s/s)
  wall time: 749.1s = 12.49 min, total zero-hits = 248_478
  -> /Users/achyland/Desktop/Math/BIDDER/experiments/math/benford/paper/sim/fp32_results/dyadic_ladder/D3_fp32_results.npz

=== Run2 N1 fp32: x=1.4: N = 10_000_000, n = 600 ===
  m dtype: float32
  n=   1  L₁=1.9920e+00  |ĥ(1)|=4.8979e-01  zh=0  (0.58 s/s)
  n=  61  L₁=1.8478e-01  |ĥ(1)|=5.6095e-03  zh=0  (0.51 s/s)
  n= 121  L₁=2.9626e-02  |ĥ(1)|=3.4242e-03  zh=0  (0.51 s/s)
  n= 181  L₁=1.1267e-02  |ĥ(1)|=2.8575e-03  zh=0  (0.51 s/s)
  n= 405  L₁=8.3908e-03  |ĥ(1)|=1.9843e-03  zh=2  (0.77 s/s)
  n= 600  L₁=8.1148e-03  |ĥ(1)|=1.2019e-03  zh=4  (0.92 s/s)
  wall time: 652.1s = 10.87 min, total zero-hits = 4
  -> /Users/achyland/Desktop/Math/BIDDER/experiments/math/benford/paper/sim/fp32_results/dyadic_ladder/N1_fp32_results.npz

=== Run2 N2 fp32: x=1.4166666666666667: N = 10_000_000, n = 600 ===
  m dtype: float32
  n=   1  L₁=1.9920e+00  |ĥ(1)|=4.7839e-01  zh=0  (0.60 s/s)
  n=  61  L₁=3.6746e-01  |ĥ(1)|=5.2439e-03  zh=0  (0.47 s/s)
  n= 121  L₁=1.0283e-01  |ĥ(1)|=3.2189e-03  zh=0  (0.47 s/s)
  n= 181  L₁=3.6189e-02  |ĥ(1)|=2.6592e-03  zh=0  (0.48 s/s)
  n= 405  L₁=8.6448e-03  |ĥ(1)|=1.8989e-03  zh=6  (0.74 s/s)
  n= 600  L₁=7.9704e-03  |ĥ(1)|=1.5146e-03  zh=9  (0.89 s/s)
  wall time: 673.5s = 11.22 min, total zero-hits = 9
  -> /Users/achyland/Desktop/Math/BIDDER/experiments/math/benford/paper/sim/fp32_results/dyadic_ladder/N2_fp32_results.npz

=== Run2 N3 fp32: x=1.4142857142857144: N = 10_000_000, n = 600 ===
  m dtype: float32
  n=   1  L₁=1.9920e+00  |ĥ(1)|=4.8005e-01  zh=0  (0.57 s/s)
  n=  61  L₁=1.6353e-01  |ĥ(1)|=4.9780e-03  zh=0  (0.50 s/s)
  n= 121  L₁=3.2602e-02  |ĥ(1)|=3.5781e-03  zh=0  (0.50 s/s)
  n= 181  L₁=1.1405e-02  |ĥ(1)|=3.2896e-03  zh=0  (0.48 s/s)
  n= 405  L₁=8.4442e-03  |ĥ(1)|=1.5677e-03  zh=8  (0.73 s/s)
  n= 600  L₁=8.3450e-03  |ĥ(1)|=1.9985e-03  zh=13  (0.88 s/s)
  wall time: 682.0s = 11.37 min, total zero-hits = 13
  -> /Users/achyland/Desktop/Math/BIDDER/experiments/math/benford/paper/sim/fp32_results/dyadic_ladder/N3_fp32_results.npz

=== Run2 I1 fp32: x=1.4142135623730951: N = 10_000_000, n = 600 ===
  m dtype: float32
  n=   1  L₁=1.9920e+00  |ĥ(1)|=4.8015e-01  zh=0  (0.59 s/s)
  n=  61  L₁=1.5974e-01  |ĥ(1)|=5.3294e-03  zh=0  (0.52 s/s)
  n= 121  L₁=3.1417e-02  |ĥ(1)|=3.9456e-03  zh=0  (0.51 s/s)
  n= 181  L₁=1.1016e-02  |ĥ(1)|=2.5054e-03  zh=0  (0.51 s/s)
  n= 405  L₁=8.2782e-03  |ĥ(1)|=1.9100e-03  zh=3  (0.77 s/s)
  n= 600  L₁=8.5314e-03  |ĥ(1)|=1.6454e-03  zh=14  (0.92 s/s)
  wall time: 654.8s = 10.91 min, total zero-hits = 14
  -> /Users/achyland/Desktop/Math/BIDDER/experiments/math/benford/paper/sim/fp32_results/dyadic_ladder/I1_fp32_results.npz

=== Run2 I2 fp32: x=1.618033988749895: N = 10_000_000, n = 600 ===
  m dtype: float32
  n=   1  L₁=1.9920e+00  |ĥ(1)|=3.3320e-01  zh=0  (0.63 s/s)
  n=  61  L₁=1.3866e-01  |ĥ(1)|=5.3111e-03  zh=0  (0.52 s/s)
  n= 121  L₁=3.2108e-02  |ĥ(1)|=3.4853e-03  zh=0  (0.51 s/s)
  n= 181  L₁=1.3201e-02  |ĥ(1)|=2.7017e-03  zh=0  (0.51 s/s)
  n= 405  L₁=8.2666e-03  |ĥ(1)|=2.0073e-03  zh=3  (0.77 s/s)
  n= 600  L₁=8.0416e-03  |ĥ(1)|=1.6488e-03  zh=5  (0.91 s/s)
  wall time: 655.9s = 10.93 min, total zero-hits = 5
  -> /Users/achyland/Desktop/Math/BIDDER/experiments/math/benford/paper/sim/fp32_results/dyadic_ladder/I2_fp32_results.npz

########## FP32-SIM complete ##########
