H3-CONTRAST-SIM  (Heisenberg H_3(ℤ/15))
  state space = L³ = 3375
  N_MAX = 2000

=== full  N=100_000  seed=3732600451 ===
  n=   10  L₁=1.5696e+00  (588.3 s/s)
  n=  260  L₁=1.4946e-01  (588.2 s/s)
  n=  510  L₁=1.4738e-01  (574.6 s/s)
  n=  760  L₁=1.4656e-01  (575.0 s/s)
  n= 1010  L₁=1.4749e-01  (578.8 s/s)
  n= 1260  L₁=1.4688e-01  (582.7 s/s)
  n= 1510  L₁=1.4688e-01  (584.8 s/s)
  n= 1760  L₁=1.4448e-01  (586.1 s/s)
  n= 2000  L₁=1.4485e-01  (569.1 s/s)
  wall: 3.5s
  -> /Users/achyland/Desktop/Math/BIDDER/experiments/math/benford/paper/sim/h3_contrast_results/full_N1e5.npz

=== alt  N=100_000  seed=3733600451 ===
  n=   10  L₁=1.8767e+00  (916.2 s/s)
  n=  260  L₁=1.7459e-01  (895.8 s/s)
  n=  510  L₁=1.4910e-01  (897.7 s/s)
  n=  760  L₁=1.4621e-01  (892.8 s/s)
  n= 1010  L₁=1.4801e-01  (840.1 s/s)
  n= 1260  L₁=1.4591e-01  (852.2 s/s)
  n= 1510  L₁=1.4608e-01  (870.0 s/s)
  n= 1760  L₁=1.4678e-01  (870.1 s/s)
  n= 2000  L₁=1.4482e-01  (872.3 s/s)
  wall: 2.3s
  -> /Users/achyland/Desktop/Math/BIDDER/experiments/math/benford/paper/sim/h3_contrast_results/alt_N1e5.npz

=== full  N=1_000_000  seed=3732610451 ===
  n=   10  L₁=1.5669e+00  (48.9 s/s)
  n=  260  L₁=4.7019e-02  (48.7 s/s)
  n=  510  L₁=4.6811e-02  (49.0 s/s)
  n=  760  L₁=4.5722e-02  (48.3 s/s)
  n= 1010  L₁=4.6215e-02  (48.1 s/s)
  n= 1260  L₁=4.6479e-02  (47.3 s/s)
  n= 1510  L₁=4.6087e-02  (46.4 s/s)
  n= 1760  L₁=4.5824e-02  (45.5 s/s)
  n= 2000  L₁=4.6584e-02  (45.0 s/s)
  wall: 44.4s
  -> /Users/achyland/Desktop/Math/BIDDER/experiments/math/benford/paper/sim/h3_contrast_results/full_N1e6.npz

=== alt  N=1_000_000  seed=3733610451 ===
  n=   10  L₁=1.8767e+00  (52.4 s/s)
  n=  260  L₁=1.0315e-01  (72.4 s/s)
  n=  510  L₁=4.6747e-02  (72.7 s/s)
  n=  760  L₁=4.5870e-02  (74.7 s/s)
  n= 1010  L₁=4.5949e-02  (75.6 s/s)
  n= 1260  L₁=4.6495e-02  (76.4 s/s)
  n= 1510  L₁=4.6088e-02  (76.0 s/s)
  n= 1760  L₁=4.5760e-02  (77.0 s/s)
  n= 2000  L₁=4.6706e-02  (78.0 s/s)
  wall: 25.6s
  -> /Users/achyland/Desktop/Math/BIDDER/experiments/math/benford/paper/sim/h3_contrast_results/alt_N1e6.npz

=== full  N=10_000_000  seed=3732620451 ===
  n=   10  L₁=1.5660e+00  (4.4 s/s)
  n=  260  L₁=1.5098e-02  (5.0 s/s)
  n=  510  L₁=1.4722e-02  (5.0 s/s)
  n=  760  L₁=1.4758e-02  (4.9 s/s)
  n= 1010  L₁=1.4457e-02  (4.8 s/s)
  n= 1260  L₁=1.4760e-02  (4.8 s/s)
  n= 1510  L₁=1.4544e-02  (4.7 s/s)
  n= 1760  L₁=1.4717e-02  (4.8 s/s)
  n= 2000  L₁=1.4786e-02  (4.8 s/s)
  wall: 419.3s
  -> /Users/achyland/Desktop/Math/BIDDER/experiments/math/benford/paper/sim/h3_contrast_results/full_N1e7.npz

=== alt  N=10_000_000  seed=3733620451 ===
  n=   10  L₁=1.8767e+00  (8.6 s/s)
  n=  260  L₁=9.3787e-02  (8.7 s/s)
  n=  510  L₁=1.5164e-02  (8.7 s/s)
  n=  760  L₁=1.4520e-02  (8.7 s/s)
  n= 1010  L₁=1.4566e-02  (8.7 s/s)
  n= 1260  L₁=1.4761e-02  (8.7 s/s)
  n= 1510  L₁=1.4917e-02  (8.8 s/s)
  n= 1760  L₁=1.4798e-02  (8.8 s/s)
  n= 2000  L₁=1.4472e-02  (8.8 s/s)
  wall: 227.8s
  -> /Users/achyland/Desktop/Math/BIDDER/experiments/math/benford/paper/sim/h3_contrast_results/alt_N1e7.npz

=== H3-CONTRAST complete ===
