M3 — IC robustness
Seed base: 0xee1c3a11; per-IC seed = base ^ ord(ic)

=== IC (a): m~U[0,1), E=0 ===
  N = 10_000_000, steps = 600
  init: 0.05s
  n=   1  L₁=0.17564  |ĥ(1)|=0.1077  (0.7 steps/s, ETA 817s)
  n=  51  L₁=0.01060  |ĥ(1)|=0.0052  (0.7 steps/s, ETA 794s)
  n= 101  L₁=0.00954  |ĥ(1)|=0.0038  (0.7 steps/s, ETA 739s)
  n= 151  L₁=0.00909  |ĥ(1)|=0.0033  (0.7 steps/s, ETA 670s)
  n= 205  L₁=0.00881  |ĥ(1)|=0.0026  (0.7 steps/s, ETA 577s)
  n= 455  L₁=0.00839  |ĥ(1)|=0.0021  (1.1 steps/s, ETA 134s)
  n= 600  L₁=0.00803  |ĥ(1)|=0.0013  (1.2 steps/s, ETA 0s)
  Walk time: 487.7s = 8.13 min

=== IC (b): m=log10√2, E~U{-5..5} ===
  N = 10_000_000, steps = 600
  init: 0.04s
  n=   1  L₁=1.97000  |ĥ(1)|=0.2374  (0.7 steps/s, ETA 890s)
  n=  51  L₁=0.50451  |ĥ(1)|=0.0035  (0.7 steps/s, ETA 793s)
  n= 101  L₁=0.33314  |ĥ(1)|=0.0029  (0.7 steps/s, ETA 736s)
  n= 151  L₁=0.27340  |ĥ(1)|=0.0027  (0.7 steps/s, ETA 668s)
  n= 205  L₁=0.23581  |ĥ(1)|=0.0020  (0.7 steps/s, ETA 578s)
  n= 455  L₁=0.15277  |ĥ(1)|=0.0018  (1.0 steps/s, ETA 138s)
  n= 600  L₁=0.12941  |ĥ(1)|=0.0015  (1.2 steps/s, ETA 0s)
  Walk time: 512.5s = 8.54 min

=== IC (c): m~U[0,1), E~U{-5..5} ===
  N = 10_000_000, steps = 600
  init: 0.08s
  n=   1  L₁=0.32332  |ĥ(1)|=0.1956  (0.6 steps/s, ETA 977s)
  n=  51  L₁=0.17872  |ĥ(1)|=0.0033  (0.7 steps/s, ETA 800s)
  n= 101  L₁=0.06083  |ĥ(1)|=0.0021  (0.7 steps/s, ETA 710s)
  n= 151  L₁=0.02522  |ĥ(1)|=0.0027  (0.7 steps/s, ETA 651s)
  n= 205  L₁=0.01289  |ĥ(1)|=0.0019  (0.7 steps/s, ETA 573s)
  n= 455  L₁=0.00863  |ĥ(1)|=0.0017  (1.0 steps/s, ETA 139s)
  n= 600  L₁=0.00803  |ĥ(1)|=0.0010  (1.2 steps/s, ETA 0s)
  Walk time: 518.2s = 8.64 min

-> /Users/achyland/Desktop/Math/BIDDER/experiments/math/benford/paper/sim/m3_results.npz
