ROOT-TWO-CHECKS sim (R1 + R2 + R3)
N = 10_000_000, n_max = 600, B = 1000
sample count = 280

=== R1: IC = φ, N = 10_000_000 ===
  n=   1  L₁=1.99200e+00  |ĥ(1)|=3.3304e-01  (0.88 steps/s)
  n=  51  L₁=1.91954e-01  |ĥ(1)|=5.1901e-03  (0.76 steps/s)
  n= 101  L₁=4.87268e-02  |ĥ(1)|=3.8373e-03  (0.76 steps/s)
  n= 151  L₁=1.92918e-02  |ĥ(1)|=3.4342e-03  (0.76 steps/s)
  n= 205  L₁=1.09654e-02  |ĥ(1)|=2.5692e-03  (0.77 steps/s)
  n= 455  L₁=8.44240e-03  |ĥ(1)|=1.9621e-03  (1.19 steps/s)
  n= 600  L₁=8.12740e-03  |ĥ(1)|=1.4635e-03  (1.33 steps/s)
  wall time: 450.1s = 7.50 min
  -> /Users/achyland/Desktop/Math/BIDDER/experiments/math/benford/paper/sim/r1_phi_results.npz

=== R2: IC = 1, exact-zero restart, N = 10_000_000 ===
  n=   1  L₁=1.99400e+00  |ĥ(1)|=2.3713e-01  zero hits cum=2_500_342  (1.07 steps/s)
  n=  51  L₁=7.60475e-01  |ĥ(1)|=5.2283e-03  zero hits cum=7_865_098  (0.76 steps/s)
  n= 101  L₁=2.70580e-01  |ĥ(1)|=3.8795e-03  zero hits cum=7_909_495  (0.71 steps/s)
  n= 151  L₁=1.08692e-01  |ĥ(1)|=3.0839e-03  zero hits cum=7_915_488  (0.69 steps/s)
  n= 205  L₁=4.65716e-02  |ĥ(1)|=2.7627e-03  zero hits cum=7_917_036  (0.68 steps/s)
  n= 455  L₁=9.03020e-03  |ĥ(1)|=2.4426e-03  zero hits cum=7_917_801  (1.03 steps/s)
  n= 600  L₁=8.41320e-03  |ĥ(1)|=2.0044e-03  zero hits cum=7_917_824  (1.15 steps/s)
  wall time: 523.5s = 8.73 min
  total exact-zero hits: 7_917_824 (0.792 per walker)
  -> /Users/achyland/Desktop/Math/BIDDER/experiments/math/benford/paper/sim/r2_rational_restart_results.npz

=== R3: IC = 1, exact-zero absorb, N = 10_000_000 ===
  n=   1  L₁=1.99600e+00  |ĥ(1)|=4.4636e-01  alive=7_499_641 (survival=0.7500)  (1.18 steps/s)
  n=  51  L₁=7.13599e-01  |ĥ(1)|=5.5332e-03  alive=5_594_594 (survival=0.5595)  (0.97 steps/s)
  n= 101  L₁=2.53070e-01  |ĥ(1)|=4.1365e-03  alive=5_584_961 (survival=0.5585)  (1.00 steps/s)
  n= 151  L₁=1.02747e-01  |ĥ(1)|=2.8678e-03  alive=5_583_434 (survival=0.5583)  (1.05 steps/s)
  n= 205  L₁=4.50296e-02  |ĥ(1)|=2.6260e-03  alive=5_583_041 (survival=0.5583)  (1.11 steps/s)
  n= 455  L₁=1.14801e-02  |ĥ(1)|=1.7768e-03  alive=5_582_833 (survival=0.5583)  (1.73 steps/s)
  n= 600  L₁=1.09987e-02  |ĥ(1)|=2.1436e-03  alive=5_582_825 (survival=0.5583)  (1.96 steps/s)
  wall time: 306.7s = 5.11 min
  final survival fraction: 0.5583  (5_582_825 / 10_000_000)
  -> /Users/achyland/Desktop/Math/BIDDER/experiments/math/benford/paper/sim/r3_rational_absorb_results.npz

All three runs complete.
