SUBSET-STEP-BUDDIES sim
  N_MAX = 500, B = 1000, E_THRESH = 20
  configs = [(10000, 3), (100000, 3), (1000000, 1), (10000000, 1)]
  walks = ['bs12', 'alt']
  sample times: 180
  total runs = 16

=== bs12  N=10_000  seed_idx=0  seed=1373564446 ===
  n=   1  L₁=1.9920e+00  (1996.3 s/s)
  n=  31  L₁=5.1580e-01  (2955.5 s/s)
  n=  61  L₁=2.9100e-01  (2982.2 s/s)
  n=  91  L₁=2.6060e-01  (2994.8 s/s)
  n= 205  L₁=2.5540e-01  (3466.8 s/s)
  n= 355  L₁=2.3900e-01  (3705.3 s/s)
  n= 500  L₁=2.5300e-01  (3809.0 s/s)
  wall: 0.1s
  -> /Users/achyland/Desktop/Math/BIDDER/experiments/math/benford/paper/sim/comparison_walks_results/step_buddies/bs12_N1e4_s0.npz

=== bs12  N=10_000  seed_idx=1  seed=1373564447 ===
  n=   1  L₁=1.9920e+00  (2416.1 s/s)
  n=  31  L₁=5.0420e-01  (2998.6 s/s)
  n=  61  L₁=2.9280e-01  (3016.2 s/s)
  n=  91  L₁=2.6260e-01  (3045.9 s/s)
  n= 205  L₁=2.4900e-01  (3506.3 s/s)
  n= 355  L₁=2.5640e-01  (3738.9 s/s)
  n= 500  L₁=2.4340e-01  (3839.2 s/s)
  wall: 0.1s
  -> /Users/achyland/Desktop/Math/BIDDER/experiments/math/benford/paper/sim/comparison_walks_results/step_buddies/bs12_N1e4_s1.npz

=== bs12  N=10_000  seed_idx=2  seed=1373564448 ===
  n=   1  L₁=1.9920e+00  (2906.7 s/s)
  n=  31  L₁=5.0900e-01  (2914.6 s/s)
  n=  61  L₁=2.9540e-01  (2887.0 s/s)
  n=  91  L₁=2.5900e-01  (2941.9 s/s)
  n= 205  L₁=2.5200e-01  (3419.9 s/s)
  n= 355  L₁=2.6160e-01  (3668.5 s/s)
  n= 500  L₁=2.5160e-01  (3791.4 s/s)
  wall: 0.1s
  -> /Users/achyland/Desktop/Math/BIDDER/experiments/math/benford/paper/sim/comparison_walks_results/step_buddies/bs12_N1e4_s2.npz

=== alt  N=10_000  seed_idx=0  seed=1374564446 ===
  n=   1  L₁=1.9960e+00  (4084.0 s/s)
  n=  31  L₁=5.9900e-01  (3193.9 s/s)
  n=  61  L₁=3.2820e-01  (3192.6 s/s)
  n=  91  L₁=2.7000e-01  (3294.4 s/s)
  n= 205  L₁=2.6340e-01  (3928.1 s/s)
  n= 355  L₁=2.5260e-01  (4271.1 s/s)
  n= 500  L₁=2.5500e-01  (4427.4 s/s)
  wall: 0.1s
  -> /Users/achyland/Desktop/Math/BIDDER/experiments/math/benford/paper/sim/comparison_walks_results/step_buddies/alt_N1e4_s0.npz

=== alt  N=10_000  seed_idx=1  seed=1374564447 ===
  n=   1  L₁=1.9960e+00  (4369.1 s/s)
  n=  31  L₁=6.0840e-01  (3388.0 s/s)
  n=  61  L₁=3.2500e-01  (3434.9 s/s)
  n=  91  L₁=2.7000e-01  (3457.7 s/s)
  n= 205  L₁=2.5160e-01  (3976.3 s/s)
  n= 355  L₁=2.6140e-01  (4307.3 s/s)
  n= 500  L₁=2.4880e-01  (4461.9 s/s)
  wall: 0.1s
  -> /Users/achyland/Desktop/Math/BIDDER/experiments/math/benford/paper/sim/comparison_walks_results/step_buddies/alt_N1e4_s1.npz

=== alt  N=10_000  seed_idx=2  seed=1374564448 ===
  n=   1  L₁=1.9960e+00  (4333.0 s/s)
  n=  31  L₁=6.0780e-01  (3472.3 s/s)
  n=  61  L₁=3.1800e-01  (3378.2 s/s)
  n=  91  L₁=2.6800e-01  (3320.9 s/s)
  n= 205  L₁=2.4980e-01  (3939.1 s/s)
  n= 355  L₁=2.5600e-01  (4283.0 s/s)
  n= 500  L₁=2.4220e-01  (4441.7 s/s)
  wall: 0.1s
  -> /Users/achyland/Desktop/Math/BIDDER/experiments/math/benford/paper/sim/comparison_walks_results/step_buddies/alt_N1e4_s2.npz

=== bs12  N=100_000  seed_idx=0  seed=1373574446 ===
  n=   1  L₁=1.9920e+00  (256.4 s/s)
  n=  31  L₁=4.5446e-01  (342.5 s/s)
  n=  61  L₁=1.7980e-01  (347.1 s/s)
  n=  91  L₁=1.0454e-01  (350.9 s/s)
  n= 205  L₁=7.9960e-02  (400.9 s/s)
  n= 355  L₁=7.9540e-02  (425.4 s/s)
  n= 500  L₁=8.0820e-02  (434.6 s/s)
  wall: 1.2s
  -> /Users/achyland/Desktop/Math/BIDDER/experiments/math/benford/paper/sim/comparison_walks_results/step_buddies/bs12_N1e5_s0.npz

=== bs12  N=100_000  seed_idx=1  seed=1373574447 ===
  n=   1  L₁=1.9920e+00  (347.0 s/s)
  n=  31  L₁=4.5612e-01  (348.9 s/s)
  n=  61  L₁=1.8084e-01  (349.4 s/s)
  n=  91  L₁=1.0234e-01  (353.9 s/s)
  n= 205  L₁=7.8760e-02  (382.3 s/s)
  n= 355  L₁=7.9560e-02  (411.8 s/s)
  n= 500  L₁=7.9000e-02  (425.2 s/s)
  wall: 1.2s
  -> /Users/achyland/Desktop/Math/BIDDER/experiments/math/benford/paper/sim/comparison_walks_results/step_buddies/bs12_N1e5_s1.npz

=== bs12  N=100_000  seed_idx=2  seed=1373574448 ===
  n=   1  L₁=1.9920e+00  (326.2 s/s)
  n=  31  L₁=4.5576e-01  (351.5 s/s)
  n=  61  L₁=1.7990e-01  (349.5 s/s)
  n=  91  L₁=1.0298e-01  (353.5 s/s)
  n= 205  L₁=8.0080e-02  (402.4 s/s)
  n= 355  L₁=8.0160e-02  (404.9 s/s)
  n= 500  L₁=7.8160e-02  (388.2 s/s)
  wall: 1.3s
  -> /Users/achyland/Desktop/Math/BIDDER/experiments/math/benford/paper/sim/comparison_walks_results/step_buddies/bs12_N1e5_s2.npz

=== alt  N=100_000  seed_idx=0  seed=1374574446 ===
  n=   1  L₁=1.9960e+00  (501.8 s/s)
  n=  31  L₁=5.6034e-01  (326.6 s/s)
  n=  61  L₁=2.1670e-01  (342.1 s/s)
  n=  91  L₁=1.2012e-01  (351.4 s/s)
  n= 205  L₁=8.0960e-02  (410.6 s/s)
  n= 355  L₁=7.9700e-02  (441.6 s/s)
  n= 500  L₁=7.7920e-02  (455.5 s/s)
  wall: 1.1s
  -> /Users/achyland/Desktop/Math/BIDDER/experiments/math/benford/paper/sim/comparison_walks_results/step_buddies/alt_N1e5_s0.npz

=== alt  N=100_000  seed_idx=1  seed=1374574447 ===
  n=   1  L₁=1.9960e+00  (560.5 s/s)
  n=  31  L₁=5.5738e-01  (368.9 s/s)
  n=  61  L₁=2.2034e-01  (367.7 s/s)
  n=  91  L₁=1.1752e-01  (369.6 s/s)
  n= 205  L₁=7.8900e-02  (426.2 s/s)
  n= 355  L₁=8.0720e-02  (451.6 s/s)
  n= 500  L₁=7.8780e-02  (464.4 s/s)
  wall: 1.1s
  -> /Users/achyland/Desktop/Math/BIDDER/experiments/math/benford/paper/sim/comparison_walks_results/step_buddies/alt_N1e5_s1.npz

=== alt  N=100_000  seed_idx=2  seed=1374574448 ===
  n=   1  L₁=1.9960e+00  (555.5 s/s)
  n=  31  L₁=5.6254e-01  (367.5 s/s)
  n=  61  L₁=2.1128e-01  (369.1 s/s)
  n=  91  L₁=1.1774e-01  (373.6 s/s)
  n= 205  L₁=8.0400e-02  (429.3 s/s)
  n= 355  L₁=8.1980e-02  (453.9 s/s)
  n= 500  L₁=7.8100e-02  (465.1 s/s)
  wall: 1.1s
  -> /Users/achyland/Desktop/Math/BIDDER/experiments/math/benford/paper/sim/comparison_walks_results/step_buddies/alt_N1e5_s2.npz

=== bs12  N=1_000_000  seed_idx=0  seed=1373584446 ===
  n=   1  L₁=1.9920e+00  (31.3 s/s)
  n=  31  L₁=4.4552e-01  (30.6 s/s)
  n=  61  L₁=1.6207e-01  (31.1 s/s)
  n=  91  L₁=7.1510e-02  (31.2 s/s)
  n= 205  L₁=2.5412e-02  (34.9 s/s)
  n= 355  L₁=2.5710e-02  (36.1 s/s)
  n= 500  L₁=2.5830e-02  (36.8 s/s)
  wall: 13.6s
  -> /Users/achyland/Desktop/Math/BIDDER/experiments/math/benford/paper/sim/comparison_walks_results/step_buddies/bs12_N1e6_s0.npz

=== alt  N=1_000_000  seed_idx=0  seed=1374584446 ===
  n=   1  L₁=1.9960e+00  (48.1 s/s)
  n=  31  L₁=5.5546e-01  (31.5 s/s)
  n=  61  L₁=2.0241e-01  (31.5 s/s)
  n=  91  L₁=9.0814e-02  (31.3 s/s)
  n= 205  L₁=2.6772e-02  (35.9 s/s)
  n= 355  L₁=2.5608e-02  (38.1 s/s)
  n= 500  L₁=2.5812e-02  (38.7 s/s)
  wall: 12.9s
  -> /Users/achyland/Desktop/Math/BIDDER/experiments/math/benford/paper/sim/comparison_walks_results/step_buddies/alt_N1e6_s0.npz

=== bs12  N=10_000_000  seed_idx=0  seed=1373594446 ===
  n=   1  L₁=1.9920e+00  (2.7 s/s)
  n=  31  L₁=4.4583e-01  (3.0 s/s)
  n=  61  L₁=1.5940e-01  (3.1 s/s)
  n=  91  L₁=6.7015e-02  (3.1 s/s)
  n= 205  L₁=9.5126e-03  (3.4 s/s)
  n= 355  L₁=8.4704e-03  (3.6 s/s)
  n= 500  L₁=7.9806e-03  (3.7 s/s)
  wall: 135.9s
  -> /Users/achyland/Desktop/Math/BIDDER/experiments/math/benford/paper/sim/comparison_walks_results/step_buddies/bs12_N1e7_s0.npz

=== alt  N=10_000_000  seed_idx=0  seed=1374594446 ===
  n=   1  L₁=1.9960e+00  (4.2 s/s)
  n=  31  L₁=5.5398e-01  (3.3 s/s)
  n=  61  L₁=2.0201e-01  (3.3 s/s)
  n=  91  L₁=8.7021e-02  (3.3 s/s)
  n= 205  L₁=1.1116e-02  (3.7 s/s)
  n= 355  L₁=8.5232e-03  (3.9 s/s)
  n= 500  L₁=9.6104e-03  (4.0 s/s)
  wall: 124.9s
  -> /Users/achyland/Desktop/Math/BIDDER/experiments/math/benford/paper/sim/comparison_walks_results/step_buddies/alt_N1e7_s0.npz

=== SUBSET-STEP-BUDDIES complete ===
