T1B-UNIT-BALL sim
  N = 10_000_000, n_max = 600, B = 1000
  modes = [1, 2, 3, 4, 5], E_THRESH = 20
  sample count = 280

########## RUN 1 — DYADIC-LADDER ##########

=== Run1 D1: x=1.0: N = 10_000_000, n = 600 ===
  n=   1  L₁=1.9940e+00  |ĥ(1)|=2.3736e-01  zh_cum=2_499_826  (1.06 s/s)
  n=  61  L₁=6.1336e-01  |ĥ(1)|=5.0618e-03  zh_cum=7_878_354  (0.77 s/s)
  n= 121  L₁=1.8454e-01  |ĥ(1)|=3.2756e-03  zh_cum=7_907_015  (0.77 s/s)
  n= 181  L₁=6.6621e-02  |ĥ(1)|=3.0737e-03  zh_cum=7_910_750  (0.77 s/s)
  n= 405  L₁=9.5796e-03  |ĥ(1)|=1.9008e-03  zh_cum=7_911_937  (1.14 s/s)
  n= 600  L₁=8.3292e-03  |ĥ(1)|=1.5701e-03  zh_cum=7_911_970  (1.34 s/s)
  wall time: 446.5s = 7.44 min, total zero-hits = 7_911_970
  -> /Users/achyland/Desktop/Math/BIDDER/experiments/math/benford/paper/sim/run1_dyadic_ladder/D1_results.npz

=== Run1 D2: x=1.5: N = 10_000_000, n = 600 ===
  n=   1  L₁=1.9920e+00  |ĥ(1)|=4.1762e-01  zh_cum=0  (0.89 s/s)
  n=  61  L₁=5.6006e-01  |ĥ(1)|=4.9906e-03  zh_cum=1_696_158  (0.71 s/s)
  n= 121  L₁=1.7089e-01  |ĥ(1)|=3.8931e-03  zh_cum=1_720_134  (0.69 s/s)
  n= 181  L₁=6.2902e-02  |ĥ(1)|=3.0116e-03  zh_cum=1_723_408  (0.71 s/s)
  n= 405  L₁=9.2712e-03  |ĥ(1)|=1.9381e-03  zh_cum=1_724_467  (1.08 s/s)
  n= 600  L₁=8.1394e-03  |ĥ(1)|=1.6599e-03  zh_cum=1_724_486  (1.28 s/s)
  wall time: 468.8s = 7.81 min, total zero-hits = 1_724_486
  -> /Users/achyland/Desktop/Math/BIDDER/experiments/math/benford/paper/sim/run1_dyadic_ladder/D2_results.npz

=== Run1 D3: x=1.125: N = 10_000_000, n = 600 ===
  n=   1  L₁=1.9920e+00  |ĥ(1)|=3.2014e-01  zh_cum=0  (0.89 s/s)
  n=  61  L₁=4.0835e-01  |ĥ(1)|=5.6340e-03  zh_cum=175_432  (0.73 s/s)
  n= 121  L₁=1.3139e-01  |ĥ(1)|=3.7524e-03  zh_cum=187_392  (0.74 s/s)
  n= 181  L₁=5.0405e-02  |ĥ(1)|=3.1215e-03  zh_cum=189_482  (0.74 s/s)
  n= 405  L₁=9.0696e-03  |ĥ(1)|=1.9226e-03  zh_cum=190_215  (1.10 s/s)
  n= 600  L₁=8.2700e-03  |ĥ(1)|=1.7581e-03  zh_cum=190_246  (1.28 s/s)
  wall time: 467.9s = 7.80 min, total zero-hits = 190_246
  -> /Users/achyland/Desktop/Math/BIDDER/experiments/math/benford/paper/sim/run1_dyadic_ladder/D3_results.npz

=== Run1 N1: x=1.4: N = 10_000_000, n = 600 ===
  n=   1  L₁=1.9920e+00  |ĥ(1)|=4.8955e-01  zh_cum=0  (0.71 s/s)
  n=  61  L₁=1.8507e-01  |ĥ(1)|=5.2391e-03  zh_cum=0  (0.65 s/s)
  n= 121  L₁=2.9533e-02  |ĥ(1)|=3.6022e-03  zh_cum=0  (0.69 s/s)
  n= 181  L₁=1.1721e-02  |ĥ(1)|=2.5650e-03  zh_cum=0  (0.71 s/s)
  n= 405  L₁=8.7526e-03  |ĥ(1)|=1.9838e-03  zh_cum=0  (1.06 s/s)
  n= 600  L₁=8.3730e-03  |ĥ(1)|=1.2170e-03  zh_cum=0  (1.14 s/s)
  wall time: 526.5s = 8.77 min, total zero-hits = 0
  -> /Users/achyland/Desktop/Math/BIDDER/experiments/math/benford/paper/sim/run1_dyadic_ladder/N1_results.npz

=== Run1 N2: x=1.4166666666666667: N = 10_000_000, n = 600 ===
  n=   1  L₁=1.9920e+00  |ĥ(1)|=4.7822e-01  zh_cum=0  (0.58 s/s)
  n=  61  L₁=3.6845e-01  |ĥ(1)|=5.4210e-03  zh_cum=0  (0.50 s/s)
  n= 121  L₁=1.0398e-01  |ĥ(1)|=3.6456e-03  zh_cum=0  (0.49 s/s)
  n= 181  L₁=3.5699e-02  |ĥ(1)|=2.6847e-03  zh_cum=0  (0.49 s/s)
  n= 405  L₁=8.7344e-03  |ĥ(1)|=2.2050e-03  zh_cum=0  (0.73 s/s)
  n= 600  L₁=8.6854e-03  |ĥ(1)|=1.7635e-03  zh_cum=0  (0.87 s/s)
  wall time: 691.5s = 11.53 min, total zero-hits = 0
  -> /Users/achyland/Desktop/Math/BIDDER/experiments/math/benford/paper/sim/run1_dyadic_ladder/N2_results.npz

=== Run1 N3: x=1.4142857142857144: N = 10_000_000, n = 600 ===
  n=   1  L₁=1.9920e+00  |ĥ(1)|=4.8007e-01  zh_cum=0  (0.57 s/s)
  n=  61  L₁=1.6375e-01  |ĥ(1)|=4.8537e-03  zh_cum=0  (0.46 s/s)
  n= 121  L₁=3.2518e-02  |ĥ(1)|=3.9191e-03  zh_cum=0  (0.45 s/s)
  n= 181  L₁=1.0895e-02  |ĥ(1)|=2.8474e-03  zh_cum=0  (0.47 s/s)
  n= 405  L₁=8.3546e-03  |ĥ(1)|=1.7801e-03  zh_cum=0  (0.71 s/s)
  n= 600  L₁=8.4718e-03  |ĥ(1)|=1.4248e-03  zh_cum=0  (0.84 s/s)
  wall time: 714.2s = 11.90 min, total zero-hits = 0
  -> /Users/achyland/Desktop/Math/BIDDER/experiments/math/benford/paper/sim/run1_dyadic_ladder/N3_results.npz

=== Run1 I1: x=1.4142135623730951: N = 10_000_000, n = 600 ===
  n=   1  L₁=1.9920e+00  |ĥ(1)|=4.7970e-01  zh_cum=0  (0.58 s/s)
  n=  61  L₁=1.5986e-01  |ĥ(1)|=5.3127e-03  zh_cum=0  (0.49 s/s)
  n= 121  L₁=3.1440e-02  |ĥ(1)|=3.5548e-03  zh_cum=0  (0.49 s/s)
  n= 181  L₁=1.1114e-02  |ĥ(1)|=3.1985e-03  zh_cum=0  (0.49 s/s)
  n= 405  L₁=8.4634e-03  |ĥ(1)|=1.8857e-03  zh_cum=0  (0.74 s/s)
  n= 600  L₁=8.0740e-03  |ĥ(1)|=1.6167e-03  zh_cum=0  (0.87 s/s)
  wall time: 687.0s = 11.45 min, total zero-hits = 0
  -> /Users/achyland/Desktop/Math/BIDDER/experiments/math/benford/paper/sim/run1_dyadic_ladder/I1_results.npz

=== Run1 I2: x=1.618033988749895: N = 10_000_000, n = 600 ===
  n=   1  L₁=1.9920e+00  |ĥ(1)|=3.3323e-01  zh_cum=0  (0.61 s/s)
  n=  61  L₁=1.3831e-01  |ĥ(1)|=4.8360e-03  zh_cum=0  (0.50 s/s)
  n= 121  L₁=3.2134e-02  |ĥ(1)|=3.9955e-03  zh_cum=0  (0.48 s/s)
  n= 181  L₁=1.3232e-02  |ĥ(1)|=2.6785e-03  zh_cum=0  (0.48 s/s)
  n= 405  L₁=8.8750e-03  |ĥ(1)|=1.9765e-03  zh_cum=0  (0.72 s/s)
  n= 600  L₁=8.1346e-03  |ĥ(1)|=1.6602e-03  zh_cum=0  (0.86 s/s)
  wall time: 696.1s = 11.60 min, total zero-hits = 0
  -> /Users/achyland/Desktop/Math/BIDDER/experiments/math/benford/paper/sim/run1_dyadic_ladder/I2_results.npz

########## RUN 2 — BROKEN-SYMMETRY ##########

=== Run2 asymmetric: √2 IC, d=0.01: N = 10_000_000, n = 600 ===
  n=   1  L₁=1.9920e+00  |ĥ(1)|=4.8614e-01  zh_cum=0 mE=-0.49 sE=0.50 frz=0.000  (0.49 s/s)
  n=  61  L₁=1.5717e-01  |ĥ(1)|=4.6628e-03  zh_cum=0 mE=+0.74 sE=1.20 frz=0.000  (0.42 s/s)
  n= 121  L₁=3.0292e-02  |ĥ(1)|=2.5665e-03  zh_cum=0 mE=+1.38 sE=1.60 frz=0.000  (0.42 s/s)
  n= 181  L₁=1.0867e-02  |ĥ(1)|=2.2216e-03  zh_cum=0 mE=+1.90 sE=1.93 frz=0.000  (0.42 s/s)
  n= 405  L₁=8.2238e-03  |ĥ(1)|=9.3408e-04  zh_cum=0 mE=+3.41 sE=2.90 frz=0.000  (0.60 s/s)
  n= 600  L₁=8.4080e-03  |ĥ(1)|=1.1091e-03  zh_cum=0 mE=+4.48 sE=3.58 frz=0.000  (0.69 s/s)
  wall time: 866.1s = 14.44 min, total zero-hits = 0
  -> /Users/achyland/Desktop/Math/BIDDER/experiments/math/benford/paper/sim/run2_broken_symmetry/asymmetric_results.npz

=== Run2 symmetric control: √2 IC: N = 10_000_000, n = 600 ===
  n=   1  L₁=1.9920e+00  |ĥ(1)|=4.7988e-01  zh_cum=0 mE=-0.50 sE=0.50 frz=0.000  (0.49 s/s)
  n=  61  L₁=1.5950e-01  |ĥ(1)|=5.2007e-03  zh_cum=0 mE=+0.64 sE=1.16 frz=0.000  (0.43 s/s)
  n= 121  L₁=3.1897e-02  |ĥ(1)|=3.5510e-03  zh_cum=0 mE=+1.19 sE=1.53 frz=0.000  (0.43 s/s)
  n= 181  L₁=1.1219e-02  |ĥ(1)|=3.2209e-03  zh_cum=0 mE=+1.61 sE=1.82 frz=0.000  (0.43 s/s)
  n= 405  L₁=8.3920e-03  |ĥ(1)|=1.8588e-03  zh_cum=0 mE=+2.75 sE=2.65 frz=0.000  (0.61 s/s)
  n= 600  L₁=7.9528e-03  |ĥ(1)|=1.7365e-03  zh_cum=0 mE=+3.50 sE=3.20 frz=0.000  (0.70 s/s)
  wall time: 854.8s = 14.25 min, total zero-hits = 0
  -> /Users/achyland/Desktop/Math/BIDDER/experiments/math/benford/paper/sim/run2_broken_symmetry/symmetric_results.npz

########## RUN 3 — SMOOTH-IC ##########

=== Run3 S1: m~wN(0.5,0.05), E=0: N = 10_000_000, n = 600 ===
  n=   1  L₁=6.8197e-01  |ĥ(1)|=1.4250e-01  zh_cum=0  (0.52 s/s)
  n=  61  L₁=1.0370e-02  |ĥ(1)|=4.9032e-03  zh_cum=0  (0.49 s/s)
  n= 121  L₁=9.5524e-03  |ĥ(1)|=3.5649e-03  zh_cum=0  (0.49 s/s)
  n= 181  L₁=8.7386e-03  |ĥ(1)|=2.7515e-03  zh_cum=0  (0.49 s/s)
  n= 405  L₁=8.4450e-03  |ĥ(1)|=1.8731e-03  zh_cum=0  (0.73 s/s)
  n= 600  L₁=8.3502e-03  |ĥ(1)|=1.6053e-03  zh_cum=0  (0.87 s/s)
  wall time: 691.5s = 11.53 min, total zero-hits = 0
  -> /Users/achyland/Desktop/Math/BIDDER/experiments/math/benford/paper/sim/run3_smooth_ic/S1_results.npz

=== Run3 S2: m~wN(0.5,0.05), E~U{-5..5}: N = 10_000_000, n = 600 ===
  n=   1  L₁=7.9573e-01  |ĥ(1)|=1.1696e-01  zh_cum=0  (0.50 s/s)
  n=  61  L₁=1.4305e-01  |ĥ(1)|=3.3486e-03  zh_cum=0  (0.49 s/s)
  n= 121  L₁=4.1660e-02  |ĥ(1)|=2.3737e-03  zh_cum=0  (0.49 s/s)
  n= 181  L₁=1.6677e-02  |ĥ(1)|=1.5961e-03  zh_cum=0  (0.49 s/s)
  n= 405  L₁=8.3488e-03  |ĥ(1)|=1.7411e-03  zh_cum=0  (0.74 s/s)
  n= 600  L₁=8.5326e-03  |ĥ(1)|=1.5744e-03  zh_cum=0  (0.87 s/s)
  wall time: 689.7s = 11.49 min, total zero-hits = 0
  -> /Users/achyland/Desktop/Math/BIDDER/experiments/math/benford/paper/sim/run3_smooth_ic/S2_results.npz

########## All runs complete ##########
