Run 2 — LONG-ANCHOR (M3 IC (b) extended to n = 20,000)
  N = 100_000_000, n_max = 20000, B = 1000, modes = [1, 2, 3, 4, 5]
  IC: m = log₁₀√2, E ~ U{-5..5}, sign = +1
  sample count = 954
  RC checkpoints = [500, 1000, 2000, 5000, 10000, 20000]
  exact-zero convention: restart (defensive)
  seed = 0xee1c3a73

  init: 0.27s, walker state ~1.30 GB
  return-count bookkeeping ~0.50 GB
  n=     1  L₁=1.97000e+00  |ĥ(1)|=2.3686e-01  zero hits cum=0  (0.07 steps/s, ETA 77.1 hrs)
  n=    51  L₁=5.05130e-01  |ĥ(1)|=3.6066e-03  zero hits cum=0  (0.06 steps/s, ETA 85.6 hrs)
  n=   101  L₁=3.33272e-01  |ĥ(1)|=2.9383e-03  zero hits cum=0  (0.06 steps/s, ETA 85.4 hrs)
  n=   151  L₁=2.72960e-01  |ĥ(1)|=2.4468e-03  zero hits cum=0  (0.06 steps/s, ETA 85.3 hrs)
  n=   201  L₁=2.37781e-01  |ĥ(1)|=2.2483e-03  zero hits cum=0  (0.06 steps/s, ETA 85.0 hrs)
  n=   251  L₁=2.12421e-01  |ĥ(1)|=2.0311e-03  zero hits cum=0  (0.06 steps/s, ETA 84.9 hrs)
  n=   301  L₁=1.92833e-01  |ĥ(1)|=1.7741e-03  zero hits cum=0  (0.06 steps/s, ETA 84.9 hrs)
  n=   351  L₁=1.77141e-01  |ĥ(1)|=1.8848e-03  zero hits cum=0  (0.06 steps/s, ETA 84.8 hrs)
  n=   401  L₁=1.64279e-01  |ĥ(1)|=1.7176e-03  zero hits cum=0  (0.06 steps/s, ETA 84.7 hrs)
  n=   451  L₁=1.53219e-01  |ĥ(1)|=1.5915e-03  zero hits cum=0  (0.06 steps/s, ETA 84.5 hrs)
    RC checkpoint n=500: max N_n = 44, mean N_n = 4.384
  n=   510  L₁=1.42302e-01  |ĥ(1)|=1.5340e-03  zero hits cum=0  (0.07 steps/s, ETA 83.1 hrs)
    RC checkpoint n=1000: max N_n = 69, mean N_n = 8.175
  n=  1010  L₁=9.17734e-02  |ĥ(1)|=1.1916e-03  zero hits cum=0  (0.10 steps/s, ETA 53.8 hrs)
  n=  1510  L₁=7.05123e-02  |ĥ(1)|=9.6099e-04  zero hits cum=0  (0.12 steps/s, ETA 43.4 hrs)
    RC checkpoint n=2000: max N_n = 90, mean N_n = 14.402
  n=  2010  L₁=5.78985e-02  |ĥ(1)|=8.4994e-04  zero hits cum=0  (0.13 steps/s, ETA 37.5 hrs)
  n=  2510  L₁=4.95131e-02  |ĥ(1)|=7.0064e-04  zero hits cum=0  (0.14 steps/s, ETA 33.5 hrs)
  n=  3010  L₁=4.36656e-02  |ĥ(1)|=7.9674e-04  zero hits cum=0  (0.15 steps/s, ETA 30.6 hrs)
  n=  3510  L₁=3.93548e-02  |ĥ(1)|=5.6831e-04  zero hits cum=0  (0.16 steps/s, ETA 28.4 hrs)
  n=  4010  L₁=3.59341e-02  |ĥ(1)|=7.0916e-04  zero hits cum=0  (0.17 steps/s, ETA 26.5 hrs)
  n=  4510  L₁=3.32526e-02  |ĥ(1)|=5.9593e-04  zero hits cum=0  (0.17 steps/s, ETA 24.9 hrs)
    RC checkpoint n=5000: max N_n = 143, mean N_n = 27.962
  n=  7500  L₁=2.34477e-02  |ĥ(1)|=4.3728e-04  zero hits cum=0  (0.21 steps/s, ETA 16.7 hrs)
    RC checkpoint n=10000: max N_n = 219, mean N_n = 43.932
  n= 20000  L₁=1.16675e-02  |ĥ(1)|=2.5350e-04  zero hits cum=0  (0.27 steps/s, ETA 0.0 hrs)
    RC checkpoint n=20000: max N_n = 335, mean N_n = 66.942

Total walk time: 74208.1s = 20.61 hrs
Throughput: 2.70e+07 walker-steps/s
Total exact-zero hits: 0 (0.00e+00 per walker-step)

=== L₁ at key times ===
  n=    10  L₁=1.0691e+00
  n=   100  L₁=3.3498e-01
  n=   500  L₁=1.4406e-01
  n=  1000  L₁=9.2394e-02
  n=  2000  L₁=5.8150e-02
  n=  5000  L₁=3.0876e-02
  n= 10000  L₁=1.9115e-02
  n= 20000  L₁=1.1668e-02

-> /home/adam/Desktop/Math/BIDDER/experiments/math/benford/paper/sim/beef_box/run2_long_anchor_results.npz
