Run 3 — NON-SQRT2-DELTA (M3 IC (b) substitutions: π, 7/5, √3)
Seed base: 0xbee8b0ac; per-IC seed = base ^ tag

=== IC pi: m = log₁₀(π) = 0.497150  [transcendental] ===
  N = 10_000_000, n_max = 600, seed = 0xbee8b0dc
  init: 0.04s
  n=   1  L₁=1.96600  |ĥ(1)|=0.1126  (0.8 steps/s, ETA 764s)
  n=  51  L₁=0.55802  |ĥ(1)|=0.0040  (0.7 steps/s, ETA 793s)
  n= 101  L₁=0.37744  |ĥ(1)|=0.0025  (0.7 steps/s, ETA 727s)
  n= 151  L₁=0.31501  |ĥ(1)|=0.0026  (0.7 steps/s, ETA 656s)
  n= 205  L₁=0.27383  |ĥ(1)|=0.0019  (0.7 steps/s, ETA 570s)
  n= 455  L₁=0.18094  |ĥ(1)|=0.0012  (1.1 steps/s, ETA 138s)
  n= 600  L₁=0.15423  |ĥ(1)|=0.0014  (1.2 steps/s, ETA 0s)
  walk time: 511.5s = 8.53 min
  total exact-zero hits: 0 (expected 0 by orbit arithmetic)
  -> /home/adam/Desktop/Math/BIDDER/experiments/math/benford/paper/sim/beef_box/run3_non_sqrt2_delta/pi_results.npz

=== IC seven_fifths: m = log₁₀(7/5) = 0.146128  [non-dyadic rational] ===
  N = 10_000_000, n_max = 600, seed = 0xbee8b09b
  init: 0.02s
  n=   1  L₁=1.96800  |ĥ(1)|=0.2376  (0.8 steps/s, ETA 771s)
  n=  51  L₁=0.57236  |ĥ(1)|=0.0035  (0.7 steps/s, ETA 798s)
  n= 101  L₁=0.34615  |ĥ(1)|=0.0032  (0.7 steps/s, ETA 728s)
  n= 151  L₁=0.27273  |ĥ(1)|=0.0023  (0.7 steps/s, ETA 656s)
  n= 205  L₁=0.23435  |ĥ(1)|=0.0021  (0.7 steps/s, ETA 569s)
  n= 455  L₁=0.15264  |ĥ(1)|=0.0016  (1.1 steps/s, ETA 136s)
  n= 600  L₁=0.12917  |ĥ(1)|=0.0016  (1.2 steps/s, ETA 0s)
  walk time: 503.4s = 8.39 min
  total exact-zero hits: 10_100 (expected 0 by orbit arithmetic)
  -> /home/adam/Desktop/Math/BIDDER/experiments/math/benford/paper/sim/beef_box/run3_non_sqrt2_delta/seven_fifths_results.npz

=== IC sqrt3: m = log₁₀(√3) = 0.238561  [algebraic ≠ √2] ===
  N = 10_000_000, n_max = 600, seed = 0xbee8b0df
  init: 0.02s
  n=   1  L₁=1.97000  |ĥ(1)|=0.2292  (0.8 steps/s, ETA 764s)
  n=  51  L₁=0.50626  |ĥ(1)|=0.0034  (0.7 steps/s, ETA 800s)
  n= 101  L₁=0.34086  |ĥ(1)|=0.0031  (0.7 steps/s, ETA 732s)
  n= 151  L₁=0.28157  |ĥ(1)|=0.0021  (0.7 steps/s, ETA 660s)
  n= 205  L₁=0.24471  |ĥ(1)|=0.0022  (0.7 steps/s, ETA 573s)
  n= 455  L₁=0.15965  |ĥ(1)|=0.0014  (1.0 steps/s, ETA 138s)
  n= 600  L₁=0.13512  |ĥ(1)|=0.0011  (1.2 steps/s, ETA 0s)
  walk time: 512.8s = 8.55 min
  total exact-zero hits: 0 (expected 0 by orbit arithmetic)
  -> /home/adam/Desktop/Math/BIDDER/experiments/math/benford/paper/sim/beef_box/run3_non_sqrt2_delta/sqrt3_results.npz

All three ICs complete.
