Run 4 — HIGH-MODE-B3 (mode coupling on r = 1..20)
  N = 10_000_000, steps = 600, E_R = 3, E_THRESH = 20
  modes = 1..20
  seed = 0xb3b3b3a7
  init: 0.01s, state ~0.13 GB
  step   50/600  excursions so far = 89_223  pending = 74_021  (3.2 steps/s, ETA 171s)
  step  100/600  excursions so far = 1_279_074  pending = 547_118  (3.1 steps/s, ETA 163s)
  step  150/600  excursions so far = 3_818_538  pending = 1_150_891  (3.0 steps/s, ETA 152s)
  step  200/600  excursions so far = 7_193_052  pending = 1_713_630  (2.9 steps/s, ETA 139s)
  step  250/600  excursions so far = 11_026_418  pending = 2_205_831  (2.8 steps/s, ETA 124s)
  step  300/600  excursions so far = 15_106_656  pending = 2_631_689  (2.8 steps/s, ETA 108s)
  step  350/600  excursions so far = 19_308_208  pending = 2_997_473  (2.7 steps/s, ETA 91s)
  step  400/600  excursions so far = 23_550_859  pending = 3_317_646  (2.7 steps/s, ETA 74s)
  step  450/600  excursions so far = 27_801_922  pending = 3_598_071  (2.7 steps/s, ETA 56s)
  step  500/600  excursions so far = 32_023_647  pending = 3_848_043  (2.7 steps/s, ETA 37s)
  step  550/600  excursions so far = 36_210_230  pending = 4_070_602  (2.7 steps/s, ETA 19s)
  step  600/600  excursions so far = 40_350_866  pending = 4_271_010  (2.7 steps/s, ETA 0s)

Total walk time: 225.8s = 3.76 min
Total completed excursions: 40_350_866
Mean excursions per walker: 4.035

ρ(K̂_20) = 0.7517
top |eigenvalues|: [0.7516849390318536, 0.7342207648246563, 0.17922102519220925, 0.13639947780827805, 0.13045143771224632, 0.12978459611575827, 0.12183842916139626, 0.12144415098110259]

=== Truncation ladder ===
  ρ(K̂_ 5) = 0.9247
  ρ(K̂_10) = 0.7546
  ρ(K̂_15) = 0.8110
  ρ(K̂_20) = 0.7517

=== Banded ρ (5×5 diagonal blocks) ===
  modes [ 1.. 5]: ρ = 0.9247
  modes [ 6..10]: ρ = 0.9341
  modes [11..15]: ρ = 0.9311
  modes [16..20]: ρ = 0.9326

=== Top singular values of K̂_20 ===
  σ_1 = 3.4028e+00
  σ_2 = 3.3320e+00
  σ_3 = 3.2747e+00
  σ_4 = 3.2089e+00
  σ_5 = 3.1107e+00

=== |K̂_rr| diagonal (mode-by-mode contraction) ===
  r= 1: |K_rr|=9.8924e-01, sum off-diag=2.6582e+00, ratio off/diag = 2.687
  r= 2: |K_rr|=9.9421e-01, sum off-diag=3.4696e+00, ratio off/diag = 3.490
  r= 3: |K_rr|=9.9346e-01, sum off-diag=3.9101e+00, ratio off/diag = 3.936
  r= 4: |K_rr|=9.9170e-01, sum off-diag=3.9932e+00, ratio off/diag = 4.027
  r= 5: |K_rr|=9.9374e-01, sum off-diag=4.1106e+00, ratio off/diag = 4.137
  r= 6: |K_rr|=9.9246e-01, sum off-diag=4.2602e+00, ratio off/diag = 4.293
  r= 7: |K_rr|=9.9311e-01, sum off-diag=4.3103e+00, ratio off/diag = 4.340
  r= 8: |K_rr|=9.9320e-01, sum off-diag=4.3339e+00, ratio off/diag = 4.364
  r= 9: |K_rr|=9.9187e-01, sum off-diag=4.3849e+00, ratio off/diag = 4.421
  r=10: |K_rr|=9.9487e-01, sum off-diag=4.3968e+00, ratio off/diag = 4.419
  r=11: |K_rr|=9.9169e-01, sum off-diag=4.3984e+00, ratio off/diag = 4.435
  r=12: |K_rr|=9.9309e-01, sum off-diag=4.3778e+00, ratio off/diag = 4.408
  r=13: |K_rr|=9.9401e-01, sum off-diag=4.3395e+00, ratio off/diag = 4.366
  r=14: |K_rr|=9.9136e-01, sum off-diag=4.3177e+00, ratio off/diag = 4.355
  r=15: |K_rr|=9.9414e-01, sum off-diag=4.2471e+00, ratio off/diag = 4.272
  r=16: |K_rr|=9.9210e-01, sum off-diag=4.1163e+00, ratio off/diag = 4.149
  r=17: |K_rr|=9.9335e-01, sum off-diag=3.9992e+00, ratio off/diag = 4.026
  r=18: |K_rr|=9.9325e-01, sum off-diag=3.9029e+00, ratio off/diag = 3.929
  r=19: |K_rr|=9.9188e-01, sum off-diag=3.4646e+00, ratio off/diag = 3.493
  r=20: |K_rr|=9.9422e-01, sum off-diag=2.6633e+00, ratio off/diag = 2.679

Mean excursion length = 16.516 steps

-> /home/adam/Desktop/Math/BIDDER/experiments/math/benford/paper/sim/beef_box/run4_high_mode_b3_results.npz
