Khinchin geometric mean log_b(K_0) = 0.429017  (b=10)
Gauss-Kuzmin moments of log_b(a):  mean=0.428976  var=0.265632

=== n = 2 ===
  validated PQs: 408, spikes(>10^3): 6
  block (from origin): i=0→10  Δ_obs=    4.6902  Δ_pred=    4.6990  resid=  -0.0087  M_small=   9  M_sub=  0  sum_small=  4.175  mean_small=0.4639  M_kh=   9.7  z=-0.20
  block (k=2→3): i=10→32  Δ_obs=   47.0079  Δ_pred=   47.0000  resid=  +0.0079  M_small=  21  M_sub=  0  sum_small=  6.180  mean_small=0.2943  M_kh=  14.4  z=+1.45
  block (k=3→4): i=32→118  Δ_obs=  676.0008  Δ_pred=  676.0000  resid=  +0.0008  M_small=  84  M_sub=  1  sum_small= 36.309  mean_small=0.4322  M_kh=  84.6  z=-0.06

=== n = 3 ===
  validated PQs: 487, spikes(>10^3): 4
  block (from origin): i=0→16  Δ_obs=    6.0413  Δ_pred=    6.0458  resid=  -0.0044  M_small=  15  M_sub=  0  sum_small=  4.435  mean_small=0.2957  M_kh=  10.3  z=+1.21
  block (k=2→3): i=16→44  Δ_obs=   42.0040  Δ_pred=   42.0000  resid=  +0.0040  M_small=  27  M_sub=  0  sum_small=  9.561  mean_small=0.3541  M_kh=  22.3  z=+0.83
  block (k=3→4): i=44→162  Δ_obs=  602.0004  Δ_pred=  602.0000  resid=  +0.0004  M_small= 117  M_sub=  0  sum_small= 45.613  mean_small=0.3899  M_kh= 106.3  z=+0.86

=== n = 4 ===
  validated PQs: 514, spikes(>10^3): 5
  block (from origin): i=0→148  Δ_obs=  553.3979  Δ_pred=  553.3979  resid=  -0.0000  M_small= 144  M_sub=  3  sum_small= 67.098  mean_small=0.4660  M_kh= 156.4  z=-0.83

=== n = 5 ===
  validated PQs: 613, spikes(>10^3): 4
  block (from origin): i=0→56  Δ_obs=   42.9996  Δ_pred=   43.0000  resid=  -0.0004  M_small=  54  M_sub=  1  sum_small= 27.887  mean_small=0.5164  M_kh=  65.0  z=-1.14
  block (k=3→4): i=56→178  Δ_obs=  436.0004  Δ_pred=  436.0000  resid=  +0.0004  M_small= 121  M_sub=  0  sum_small= 48.219  mean_small=0.3985  M_kh= 112.4  z=+0.67

=== n = 6 ===
  validated PQs: 660, spikes(>10^3): 6
  block (from origin): i=0→72  Δ_obs=   41.0453  Δ_pred=   41.0458  resid=  -0.0004  M_small=  69  M_sub=  2  sum_small= 26.471  mean_small=0.3836  M_kh=  61.7  z=+0.77
  block (k=3→4): i=72→188  Δ_obs=  380.0004  Δ_pred=  380.0000  resid=  +0.0004  M_small= 115  M_sub=  0  sum_small= 50.289  mean_small=0.4373  M_kh= 117.2  z=-0.17

=== n = 10 ===
  validated PQs: 843, spikes(>10^3): 3
  block (from origin): i=0→212  Δ_obs=  296.6989  Δ_pred=  296.6990  resid=  -0.0000  M_small= 209  M_sub=  2  sum_small= 99.006  mean_small=0.4737  M_kh= 230.8  z=-1.19

wrote /Users/achyland/Desktop/Math/Tokoyami/forays/BIDDER/experiments/acm/cf/offspike_dynamics.csv
wrote /Users/achyland/Desktop/Math/Tokoyami/forays/BIDDER/experiments/acm/cf/offspike_spikes.csv
wrote /Users/achyland/Desktop/Math/Tokoyami/forays/BIDDER/experiments/acm/cf/offspike_dynamics_summary.txt

# Off-spike denominator dynamics — canonical-block tests
# b = 10, panel n = [2, 3, 4, 5, 6, 10]
# log_b(K_0) = 0.429017  (geometric-mean log of Khinchin partial quotient)
# Gauss-Kuzmin: E[log_b a] = 0.428976,  Var[log_b a] = 0.265632
# canonical iff |L_obs - (C_{k-1} + (n-1)k + offset(n))| < 0.05

## Test A: canonical-to-canonical Δ_obs vs substrate prediction
##   Δ_obs := L_canonical_cur - L_canonical_prev
##   Δ_pred := (C_{k_cur-1} + (n-1)k_cur) - (C_{k_prev-1} + (n-1)k_prev)
##           = D_{k_cur-1} + (n-1)  if k_cur = k_prev + 1

    n   k_prev→k_cur    i_prev→i_cur        Δ_obs       Δ_pred       resid
    2      1 →    2          0 →   10         4.6902       4.6990     -0.0087
    2      2 →    3         10 →   32        47.0079      47.0000     +0.0079
    2      3 →    4         32 →  118       676.0008     676.0000     +0.0008
    3      1 →    2          0 →   16         6.0413       6.0458     -0.0044
    3      2 →    3         16 →   44        42.0040      42.0000     +0.0040
    3      3 →    4         44 →  162       602.0004     602.0000     +0.0004
    4      1 →    4          0 →  148       553.3979     553.3979     -0.0000
    5      1 →    3          0 →   56        42.9996      43.0000     -0.0004
    5      3 →    4         56 →  178       436.0004     436.0000     +0.0004
    6      1 →    3          0 →   72        41.0453      41.0458     -0.0004
    6      3 →    4         72 →  188       380.0004     380.0000     +0.0004
   10      1 →    4          0 →  212       296.6989     296.6990     -0.0000

## Test B: small-PQ block stats (sub-canonical spikes excluded)
##   M_small = #{ off-spike PQs with log10 a ≤ 3 in block interior }
##   sum_small = Σ log_b(a_j) over small PQs
##   mean_small = sum_small / M_small  (compare to E[log_b a]_GK ≈ 0.4290)
##   M_z = z-score of M_small vs Khinchin renewal prediction

    n   k_prev→k_cur  M_small  M_sub   sum_small  mean_small     M_kh     M_z
    2      1 →    2            9      0      4.1754      0.4639      9.7   -0.20
    2      2 →    3           21      0      6.1796      0.2943     14.4   +1.45
    2      3 →    4           84      1     36.3089      0.4322     84.6   -0.06
    3      1 →    2           15      0      4.4348      0.2957     10.3   +1.21
    3      2 →    3           27      0      9.5614      0.3541     22.3   +0.83
    3      3 →    4          117      0     45.6125      0.3899    106.3   +0.86
    4      1 →    4          144      3     67.0985      0.4660    156.4   -0.83
    5      1 →    3           54      1     27.8872      0.5164     65.0   -1.14
    5      3 →    4          121      0     48.2190      0.3985    112.4   +0.67
    6      1 →    3           69      2     26.4713      0.3836     61.7   +0.77
    6      3 →    4          115      0     50.2887      0.4373    117.2   -0.17
   10      1 →    4          209      2     99.0062      0.4737    230.8   -1.19

## Test A summary
  n_blocks         = 12
  mean residual    = -0.000025
  max |residual|   = 0.008730

## Test B summary (small-PQ Khinchin renewal prediction)
  n_blocks         = 12
  mean z           = +0.1842
  max |z|          = 1.4462
  pooled mean_small = 0.408802  (GK predicts 0.428976)
